<?xml version="1.0" encoding="utf-8"?><testsuites><testsuite name="pytest" errors="0" failures="0" skipped="0" tests="7" time="48.982" timestamp="2024-08-10T20:21:30.567025+03:00" hostname="ayman"><testcase classname="tests.test_playback_controls_api.TestPlaybackControls" name="test_01_pause_playback" time="28.744" /><testcase classname="tests.test_playback_controls_api.TestPlaybackControls" name="test_02_start_playback" time="3.362" /><testcase classname="tests.test_playback_controls_api.TestPlaybackControls" name="test_03_adjust_volume" time="3.287" /><testcase classname="tests.test_playback_controls_api.TestPlaybackControls" name="test_04_next_track" time="3.357" /><testcase classname="tests.test_playback_controls_api.TestPlaybackControls" name="test_05_previous_track" time="3.373" /><testcase classname="tests.test_playback_controls_api.TestPlaybackControls" name="test_06_repeat_state" time="3.378" /><testcase classname="tests.test_playback_controls_api.TestPlaybackControls" name="test_07_add_track_to_queue" time="3.211" /></testsuite></testsuites>